<?xml version="1.0" encoding="UTF-8"?>
<!-- Generated by org.testng.reporters.JUnitXMLReporter -->
<testsuite ignored="0" hostname="DESKTOP-B5H13LT" failures="0" tests="6" name="Default test" time="80.549" errors="0" timestamp="2024-04-16T21:25:57 IST">
  <testcase classname="userpagetest.UserPageTest" name="TestCase" time="1.148"/>
  <testcase classname="userpagetest.UserPageTest" name="TestCase2" time="4.719"/>
  <testcase classname="userpagetest.UserPageTest" name="TestCase3" time="2.599"/>
  <testcase classname="userpagetest.UserPageTest" name="TestCase4" time="0.662"/>
  <testcase classname="userpagetest.UserPageTest" name="TestCase5" time="25.984"/>
  <testcase classname="userpagetest.UserPageTest" name="TestCase6" time="0.618"/>
</testsuite> <!-- Default test -->
